# JRE version: OpenJDK Runtime Environment (7.0_79-b14) (build 1.7.0_79-b14)
# Java VM: OpenJDK 64-Bit Server VM (24.79-b02 mixed mode linux-amd64 compressed oops)
Heap
 PSYoungGen      total 656896K, used 163814K [0x00000007aaa80000, 0x00000007e4600000, 0x0000000800000000)
  eden space 493056K, 0% used [0x00000007aaa80000,0x00000007aaa80000,0x00000007c8c00000)
  from space 163840K, 99% used [0x00000007c8c00000,0x00000007d2bf9928,0x00000007d2c00000)
  to   space 96256K, 0% used [0x00000007d2c00000,0x00000007d2c00000,0x00000007d8a00000)
 ParOldGen       total 487424K, used 376808K [0x0000000700000000, 0x000000071dc00000, 0x00000007aaa80000)
  object space 487424K, 77% used [0x0000000700000000,0x0000000716ffa3f0,0x000000071dc00000)
 PSPermGen       total 21504K, used 6392K [0x00000006f5a00000, 0x00000006f6f00000, 0x0000000700000000)
  object space 21504K, 29% used [0x00000006f5a00000,0x00000006f603e0a8,0x00000006f6f00000)
GC Heap History (10 events):
Event: 6.456 GC heap after
Heap after GC invocations=9 (full 1):
 PSYoungGen      total 454144K, used 51191K [0x00000007aaa80000, 0x00000007cfe80000, 0x0000000800000000)
  eden space 402944K, 0% used [0x00000007aaa80000,0x00000007aaa80000,0x00000007c3400000)
  from space 51200K, 99% used [0x00000007ccc80000,0x00000007cfe7dc98,0x00000007cfe80000)
  to   space 62464K, 0% used [0x00000007c8480000,0x00000007c8480000,0x00000007cc180000)
 ParOldGen       total 159744K, used 88633K [0x0000000700000000, 0x0000000709c00000, 0x00000007aaa80000)
  object space 159744K, 55% used [0x0000000700000000,0x000000070568e410,0x0000000709c00000)
 PSPermGen       total 21504K, used 6333K [0x00000006f5a00000, 0x00000006f6f00000, 0x0000000700000000)
  object space 21504K, 29% used [0x00000006f5a00000,0x00000006f602f460,0x00000006f6f00000)
}
Event: 7.284 GC heap before
{Heap before GC invocations=10 (full 1):
 PSYoungGen      total 454144K, used 454135K [0x00000007aaa80000, 0x00000007cfe80000, 0x0000000800000000)
  eden space 402944K, 100% used [0x00000007aaa80000,0x00000007c3400000,0x00000007c3400000)
  from space 51200K, 99% used [0x00000007ccc80000,0x00000007cfe7dc98,0x00000007cfe80000)
  to   space 62464K, 0% used [0x00000007c8480000,0x00000007c8480000,0x00000007cc180000)
 ParOldGen       total 159744K, used 88633K [0x0000000700000000, 0x0000000709c00000, 0x00000007aaa80000)
  object space 159744K, 55% used [0x0000000700000000,0x000000070568e410,0x0000000709c00000)
 PSPermGen       total 21504K, used 6369K [0x00000006f5a00000, 0x00000006f6f00000, 0x0000000700000000)
  object space 21504K, 29% used [0x00000006f5a00000,0x00000006f60387c0,0x00000006f6f00000)
Event: 7.460 GC heap after
Heap after GC invocations=10 (full 1):
 PSYoungGen      total 547840K, used 62448K [0x00000007aaa80000, 0x00000007d8a00000, 0x0000000800000000)
  eden space 485376K, 0% used [0x00000007aaa80000,0x00000007aaa80000,0x00000007c8480000)
  from space 62464K, 99% used [0x00000007c8480000,0x00000007cc17c3d0,0x00000007cc180000)
  to   space 96256K, 0% used [0x00000007d2c00000,0x00000007d2c00000,0x00000007d8a00000)
 ParOldGen       total 159744K, used 146407K [0x0000000700000000, 0x0000000709c00000, 0x00000007aaa80000)
  object space 159744K, 91% used [0x0000000700000000,0x0000000708ef9ea8,0x0000000709c00000)
 PSPermGen       total 21504K, used 6369K [0x00000006f5a00000, 0x00000006f6f00000, 0x0000000700000000)
  object space 21504K, 29% used [0x00000006f5a00000,0x00000006f60387c0,0x00000006f6f00000)
}
Event: 7.460 GC heap before
{Heap before GC invocations=11 (full 2):
 PSYoungGen      total 547840K, used 62448K [0x00000007aaa80000, 0x00000007d8a00000, 0x0000000800000000)
  eden space 485376K, 0% used [0x00000007aaa80000,0x00000007aaa80000,0x00000007c8480000)
  from space 62464K, 99% used [0x00000007c8480000,0x00000007cc17c3d0,0x00000007cc180000)
  to   space 96256K, 0% used [0x00000007d2c00000,0x00000007d2c00000,0x00000007d8a00000)
 ParOldGen       total 159744K, used 146407K [0x0000000700000000, 0x0000000709c00000, 0x00000007aaa80000)
  object space 159744K, 91% used [0x0000000700000000,0x0000000708ef9ea8,0x0000000709c00000)
 PSPermGen       total 21504K, used 6369K [0x00000006f5a00000, 0x00000006f6f00000, 0x0000000700000000)
  object space 21504K, 29% used [0x00000006f5a00000,0x00000006f60387c0,0x00000006f6f00000)
Event: 7.962 GC heap after
Heap after GC invocations=11 (full 2):
 PSYoungGen      total 547840K, used 42905K [0x00000007aaa80000, 0x00000007d8a00000, 0x0000000800000000)
  eden space 485376K, 0% used [0x00000007aaa80000,0x00000007aaa80000,0x00000007c8480000)
  from space 62464K, 68% used [0x00000007c8480000,0x00000007cae66558,0x00000007cc180000)
  to   space 96256K, 0% used [0x00000007d2c00000,0x00000007d2c00000,0x00000007d8a00000)
 ParOldGen       total 278528K, used 159459K [0x0000000700000000, 0x0000000711000000, 0x00000007aaa80000)
  object space 278528K, 57% used [0x0000000700000000,0x0000000709bb8e38,0x0000000711000000)
 PSPermGen       total 21504K, used 6369K [0x00000006f5a00000, 0x00000006f6f00000, 0x0000000700000000)
  object space 21504K, 29% used [0x00000006f5a00000,0x00000006f6038440,0x00000006f6f00000)
}
Event: 8.766 GC heap before
{Heap before GC invocations=12 (full 2):
 PSYoungGen      total 547840K, used 528281K [0x00000007aaa80000, 0x00000007d8a00000, 0x0000000800000000)
  eden space 485376K, 100% used [0x00000007aaa80000,0x00000007c8480000,0x00000007c8480000)
  from space 62464K, 68% used [0x00000007c8480000,0x00000007cae66558,0x00000007cc180000)
  to   space 96256K, 0% used [0x00000007d2c00000,0x00000007d2c00000,0x00000007d8a00000)
 ParOldGen       total 278528K, used 159459K [0x0000000700000000, 0x0000000711000000, 0x00000007aaa80000)
  object space 278528K, 57% used [0x0000000700000000,0x0000000709bb8e38,0x0000000711000000)
 PSPermGen       total 21504K, used 6390K [0x00000006f5a00000, 0x00000006f6f00000, 0x0000000700000000)
  object space 21504K, 29% used [0x00000006f5a00000,0x00000006f603da30,0x00000006f6f00000)
Event: 8.985 GC heap after
Heap after GC invocations=12 (full 2):
 PSYoungGen      total 589312K, used 96249K [0x00000007aaa80000, 0x00000007e4600000, 0x0000000800000000)
  eden space 493056K, 0% used [0x00000007aaa80000,0x00000007aaa80000,0x00000007c8c00000)
  from space 96256K, 99% used [0x00000007d2c00000,0x00000007d89fe640,0x00000007d8a00000)
  to   space 163840K, 0% used [0x00000007c8c00000,0x00000007c8c00000,0x00000007d2c00000)
 ParOldGen       total 299008K, used 298646K [0x0000000700000000, 0x0000000712400000, 0x00000007aaa80000)
  object space 299008K, 99% used [0x0000000700000000,0x00000007123a5ae0,0x0000000712400000)
 PSPermGen       total 21504K, used 6390K [0x00000006f5a00000, 0x00000006f6f00000, 0x0000000700000000)
  object space 21504K, 29% used [0x00000006f5a00000,0x00000006f603da30,0x00000006f6f00000)
}
Event: 8.985 GC heap before
{Heap before GC invocations=13 (full 3):
 PSYoungGen      total 589312K, used 96249K [0x00000007aaa80000, 0x00000007e4600000, 0x0000000800000000)
  eden space 493056K, 0% used [0x00000007aaa80000,0x00000007aaa80000,0x00000007c8c00000)
  from space 96256K, 99% used [0x00000007d2c00000,0x00000007d89fe640,0x00000007d8a00000)
  to   space 163840K, 0% used [0x00000007c8c00000,0x00000007c8c00000,0x00000007d2c00000)
 ParOldGen       total 299008K, used 298646K [0x0000000700000000, 0x0000000712400000, 0x00000007aaa80000)
  object space 299008K, 99% used [0x0000000700000000,0x00000007123a5ae0,0x0000000712400000)
 PSPermGen       total 21504K, used 6390K [0x00000006f5a00000, 0x00000006f6f00000, 0x0000000700000000)
  object space 21504K, 29% used [0x00000006f5a00000,0x00000006f603da30,0x00000006f6f00000)
Event: 9.350 GC heap after
Heap after GC invocations=13 (full 3):
 PSYoungGen      total 589312K, used 86907K [0x00000007aaa80000, 0x00000007e4600000, 0x0000000800000000)
  eden space 493056K, 0% used [0x00000007aaa80000,0x00000007aaa80000,0x00000007c8c00000)
  from space 96256K, 90% used [0x00000007d2c00000,0x00000007d80def78,0x00000007d8a00000)
  to   space 163840K, 0% used [0x00000007c8c00000,0x00000007c8c00000,0x00000007d2c00000)
 ParOldGen       total 487424K, used 298898K [0x0000000700000000, 0x000000071dc00000, 0x00000007aaa80000)
  object space 487424K, 61% used [0x0000000700000000,0x00000007123e4830,0x000000071dc00000)
 PSPermGen       total 21504K, used 6390K [0x00000006f5a00000, 0x00000006f6f00000, 0x0000000700000000)
  object space 21504K, 29% used [0x00000006f5a00000,0x00000006f603da30,0x00000006f6f00000)
}
Event: 10.617 GC heap before
{Heap before GC invocations=14 (full 3):
 PSYoungGen      total 589312K, used 579963K [0x00000007aaa80000, 0x00000007e4600000, 0x0000000800000000)
  eden space 493056K, 100% used [0x00000007aaa80000,0x00000007c8c00000,0x00000007c8c00000)
  from space 96256K, 90% used [0x00000007d2c00000,0x00000007d80def78,0x00000007d8a00000)
  to   space 163840K, 0% used [0x00000007c8c00000,0x00000007c8c00000,0x00000007d2c00000)
 ParOldGen       total 487424K, used 298898K [0x0000000700000000, 0x000000071dc00000, 0x00000007aaa80000)
  object space 487424K, 61% used [0x0000000700000000,0x00000007123e4830,0x000000071dc00000)
 PSPermGen       total 21504K, used 6392K [0x00000006f5a00000, 0x00000006f6f00000, 0x0000000700000000)
  object space 21504K, 29% used [0x00000006f5a00000,0x00000006f603e0a8,0x00000006f6f00000)

