# JRE version: OpenJDK Runtime Environment (7.0_79-b14) (build 1.7.0_79-b14)
# Java VM: OpenJDK 64-Bit Server VM (24.79-b02 mixed mode linux-amd64 compressed oops)
Heap
 PSYoungGen      total 741376K, used 165355K [0x00000007aaa80000, 0x00000007e3200000, 0x0000000800000000)
  eden space 576000K, 0% used [0x00000007aaa80000,0x00000007aaa80000,0x00000007cdd00000)
  from space 165376K, 99% used [0x00000007cdd00000,0x00000007d7e7ac08,0x00000007d7e80000)
  to   space 151552K, 0% used [0x00000007d7e80000,0x00000007d7e80000,0x00000007e1280000)
 ParOldGen       total 496640K, used 316360K [0x0000000700000000, 0x000000071e500000, 0x00000007aaa80000)
  object space 496640K, 63% used [0x0000000700000000,0x00000007134f2150,0x000000071e500000)
 PSPermGen       total 21504K, used 6539K [0x00000006f5a00000, 0x00000006f6f00000, 0x0000000700000000)
  object space 21504K, 30% used [0x00000006f5a00000,0x00000006f6062c08,0x00000006f6f00000)
GC Heap History (10 events):
Event: 8.166 GC heap after
Heap after GC invocations=11 (full 2):
 PSYoungGen      total 546816K, used 37112K [0x00000007aaa80000, 0x00000007d5180000, 0x0000000800000000)
  eden space 483328K, 0% used [0x00000007aaa80000,0x00000007aaa80000,0x00000007c8280000)
  from space 63488K, 58% used [0x00000007c8280000,0x00000007ca6be038,0x00000007cc080000)
  to   space 95232K, 0% used [0x00000007cf480000,0x00000007cf480000,0x00000007d5180000)
 ParOldGen       total 283648K, used 162114K [0x0000000700000000, 0x0000000711500000, 0x00000007aaa80000)
  object space 283648K, 57% used [0x0000000700000000,0x0000000709e50810,0x0000000711500000)
 PSPermGen       total 21504K, used 6369K [0x00000006f5a00000, 0x00000006f6f00000, 0x0000000700000000)
  object space 21504K, 29% used [0x00000006f5a00000,0x00000006f60385c8,0x00000006f6f00000)
}
Event: 9.985 GC heap before
{Heap before GC invocations=12 (full 2):
 PSYoungGen      total 546816K, used 520440K [0x00000007aaa80000, 0x00000007d5180000, 0x0000000800000000)
  eden space 483328K, 100% used [0x00000007aaa80000,0x00000007c8280000,0x00000007c8280000)
  from space 63488K, 58% used [0x00000007c8280000,0x00000007ca6be038,0x00000007cc080000)
  to   space 95232K, 0% used [0x00000007cf480000,0x00000007cf480000,0x00000007d5180000)
 ParOldGen       total 283648K, used 162114K [0x0000000700000000, 0x0000000711500000, 0x00000007aaa80000)
  object space 283648K, 57% used [0x0000000700000000,0x0000000709e50810,0x0000000711500000)
 PSPermGen       total 21504K, used 6391K [0x00000006f5a00000, 0x00000006f6f00000, 0x0000000700000000)
  object space 21504K, 29% used [0x00000006f5a00000,0x00000006f603de98,0x00000006f6f00000)
Event: 10.192 GC heap after
Heap after GC invocations=12 (full 2):
 PSYoungGen      total 561152K, used 95208K [0x00000007aaa80000, 0x00000007dfd00000, 0x0000000800000000)
  eden space 465920K, 0% used [0x00000007aaa80000,0x00000007aaa80000,0x00000007c7180000)
  from space 95232K, 99% used [0x00000007cf480000,0x00000007d517a268,0x00000007d5180000)
  to   space 134144K, 0% used [0x00000007c7180000,0x00000007c7180000,0x00000007cf480000)
 ParOldGen       total 283648K, used 224673K [0x0000000700000000, 0x0000000711500000, 0x00000007aaa80000)
  object space 283648K, 79% used [0x0000000700000000,0x000000070db68438,0x0000000711500000)
 PSPermGen       total 21504K, used 6391K [0x00000006f5a00000, 0x00000006f6f00000, 0x0000000700000000)
  object space 21504K, 29% used [0x00000006f5a00000,0x00000006f603de98,0x00000006f6f00000)
}
Event: 11.308 GC heap before
{Heap before GC invocations=13 (full 2):
 PSYoungGen      total 561152K, used 561128K [0x00000007aaa80000, 0x00000007dfd00000, 0x0000000800000000)
  eden space 465920K, 100% used [0x00000007aaa80000,0x00000007c7180000,0x00000007c7180000)
  from space 95232K, 99% used [0x00000007cf480000,0x00000007d517a268,0x00000007d5180000)
  to   space 134144K, 0% used [0x00000007c7180000,0x00000007c7180000,0x00000007cf480000)
 ParOldGen       total 283648K, used 224673K [0x0000000700000000, 0x0000000711500000, 0x00000007aaa80000)
  object space 283648K, 79% used [0x0000000700000000,0x000000070db68438,0x0000000711500000)
 PSPermGen       total 21504K, used 6393K [0x00000006f5a00000, 0x00000006f6f00000, 0x0000000700000000)
  object space 21504K, 29% used [0x00000006f5a00000,0x00000006f603e6a8,0x00000006f6f00000)
Event: 11.471 GC heap after
Heap after GC invocations=13 (full 2):
 PSYoungGen      total 600064K, used 118293K [0x00000007aaa80000, 0x00000007e1280000, 0x0000000800000000)
  eden space 465920K, 0% used [0x00000007aaa80000,0x00000007aaa80000,0x00000007c7180000)
  from space 134144K, 88% used [0x00000007c7180000,0x00000007ce505400,0x00000007cf480000)
  to   space 151552K, 0% used [0x00000007d7e80000,0x00000007d7e80000,0x00000007e1280000)
 ParOldGen       total 313344K, used 311957K [0x0000000700000000, 0x0000000713200000, 0x00000007aaa80000)
  object space 313344K, 99% used [0x0000000700000000,0x00000007130a5690,0x0000000713200000)
 PSPermGen       total 21504K, used 6393K [0x00000006f5a00000, 0x00000006f6f00000, 0x0000000700000000)
  object space 21504K, 29% used [0x00000006f5a00000,0x00000006f603e6a8,0x00000006f6f00000)
}
Event: 11.471 GC heap before
{Heap before GC invocations=14 (full 3):
 PSYoungGen      total 600064K, used 118293K [0x00000007aaa80000, 0x00000007e1280000, 0x0000000800000000)
  eden space 465920K, 0% used [0x00000007aaa80000,0x00000007aaa80000,0x00000007c7180000)
  from space 134144K, 88% used [0x00000007c7180000,0x00000007ce505400,0x00000007cf480000)
  to   space 151552K, 0% used [0x00000007d7e80000,0x00000007d7e80000,0x00000007e1280000)
 ParOldGen       total 313344K, used 311957K [0x0000000700000000, 0x0000000713200000, 0x00000007aaa80000)
  object space 313344K, 99% used [0x0000000700000000,0x00000007130a5690,0x0000000713200000)
 PSPermGen       total 21504K, used 6393K [0x00000006f5a00000, 0x00000006f6f00000, 0x0000000700000000)
  object space 21504K, 29% used [0x00000006f5a00000,0x00000006f603e6a8,0x00000006f6f00000)
Event: 11.954 GC heap after
Heap after GC invocations=14 (full 3):
 PSYoungGen      total 600064K, used 34078K [0x00000007aaa80000, 0x00000007e1280000, 0x0000000800000000)
  eden space 465920K, 0% used [0x00000007aaa80000,0x00000007aaa80000,0x00000007c7180000)
  from space 134144K, 25% used [0x00000007c7180000,0x00000007c92c78c8,0x00000007cf480000)
  to   space 151552K, 0% used [0x00000007d7e80000,0x00000007d7e80000,0x00000007e1280000)
 ParOldGen       total 496640K, used 312969K [0x0000000700000000, 0x000000071e500000, 0x00000007aaa80000)
  object space 496640K, 63% used [0x0000000700000000,0x00000007131a2788,0x000000071e500000)
 PSPermGen       total 21504K, used 6393K [0x00000006f5a00000, 0x00000006f6f00000, 0x0000000700000000)
  object space 21504K, 29% used [0x00000006f5a00000,0x00000006f603e548,0x00000006f6f00000)
}
Event: 12.587 GC heap before
{Heap before GC invocations=15 (full 3):
 PSYoungGen      total 600064K, used 499998K [0x00000007aaa80000, 0x00000007e1280000, 0x0000000800000000)
  eden space 465920K, 100% used [0x00000007aaa80000,0x00000007c7180000,0x00000007c7180000)
  from space 134144K, 25% used [0x00000007c7180000,0x00000007c92c78c8,0x00000007cf480000)
  to   space 151552K, 0% used [0x00000007d7e80000,0x00000007d7e80000,0x00000007e1280000)
 ParOldGen       total 496640K, used 312969K [0x0000000700000000, 0x000000071e500000, 0x00000007aaa80000)
  object space 496640K, 63% used [0x0000000700000000,0x00000007131a2788,0x000000071e500000)
 PSPermGen       total 21504K, used 6493K [0x00000006f5a00000, 0x00000006f6f00000, 0x0000000700000000)
  object space 21504K, 30% used [0x00000006f5a00000,0x00000006f6057430,0x00000006f6f00000)
Event: 12.751 GC heap after
Heap after GC invocations=15 (full 3):
 PSYoungGen      total 727552K, used 118610K [0x00000007aaa80000, 0x00000007e3200000, 0x0000000800000000)
  eden space 576000K, 0% used [0x00000007aaa80000,0x00000007aaa80000,0x00000007cdd00000)
  from space 151552K, 78% used [0x00000007d7e80000,0x00000007df254970,0x00000007e1280000)
  to   space 165376K, 0% used [0x00000007cdd00000,0x00000007cdd00000,0x00000007d7e80000)
 ParOldGen       total 496640K, used 312969K [0x0000000700000000, 0x000000071e500000, 0x00000007aaa80000)
  object space 496640K, 63% used [0x0000000700000000,0x00000007131a2788,0x000000071e500000)
 PSPermGen       total 21504K, used 6493K [0x00000006f5a00000, 0x00000006f6f00000, 0x0000000700000000)
  object space 21504K, 30% used [0x00000006f5a00000,0x00000006f6057430,0x00000006f6f00000)
}
Event: 13.329 GC heap before
{Heap before GC invocations=16 (full 3):
 PSYoungGen      total 727552K, used 694610K [0x00000007aaa80000, 0x00000007e3200000, 0x0000000800000000)
  eden space 576000K, 100% used [0x00000007aaa80000,0x00000007cdd00000,0x00000007cdd00000)
  from space 151552K, 78% used [0x00000007d7e80000,0x00000007df254970,0x00000007e1280000)
  to   space 165376K, 0% used [0x00000007cdd00000,0x00000007cdd00000,0x00000007d7e80000)
 ParOldGen       total 496640K, used 312969K [0x0000000700000000, 0x000000071e500000, 0x00000007aaa80000)
  object space 496640K, 63% used [0x0000000700000000,0x00000007131a2788,0x000000071e500000)
 PSPermGen       total 21504K, used 6539K [0x00000006f5a00000, 0x00000006f6f00000, 0x0000000700000000)
  object space 21504K, 30% used [0x00000006f5a00000,0x00000006f6062c08,0x00000006f6f00000)

